{
  "RSpec": {
    "coverage": {
      "/Users/kiri/Documents/GitHub/bookmark_manager/spec/features/bookmarks_spec.rb": [
        1,
        1,
        1,
        1,
        null,
        null
      ],
      "/Users/kiri/Documents/GitHub/bookmark_manager/spec/features/index_spec.rb": [
        1,
        1,
        1,
        1,
        null,
        null
      ],
      "/Users/kiri/Documents/GitHub/bookmark_manager/spec/units/bookmark_unit_spec.rb": [
        1,
        null,
        1,
        null,
        1,
        1,
        1,
        null,
        null,
        null
      ]
    },
    "timestamp": 1558451543
  }
}
